<?xml version="1.0" encoding="UTF-8"?>
<!-- Generated by org.testng.reporters.JUnitReportReporter -->
<testsuite skipped="0" hostname="LAPTOP-E1APB05D" name="example.example.tests.GoogleSearchTest" tests="1" failures="0" timestamp="03 May 2023 09:40:11 GMT" time="8.604" errors="0">
  <testcase name="googleSearchTest" time="8.604" classname="example.example.tests.GoogleSearchTest"/>
</testsuite> <!-- example.example.tests.GoogleSearchTest -->
