<?xml version="1.0" encoding="UTF-8"?>
<!-- Generated by org.testng.reporters.JUnitReportReporter -->
<testsuite skipped="0" hostname="LAPTOP-E1APB05D" name="example.example.tests.SubscriptionPageTest" tests="3" failures="0" timestamp="03 May 2023 18:15:38 GMT" time="24.753" errors="0">
  <testcase name="validatePlanType" time="24.662" classname="example.example.tests.SubscriptionPageTest"/>
  <testcase name="validatePlanPrice" time="0.040" classname="example.example.tests.SubscriptionPageTest"/>
  <testcase name="validateCurrencyOfCountry" time="0.051" classname="example.example.tests.SubscriptionPageTest"/>
</testsuite> <!-- example.example.tests.SubscriptionPageTest -->
